# JRE version: OpenJDK Runtime Environment Temurin-21.0.10+7 (21.0.10+7) (build 21.0.10+7-LTS)
# Java VM: OpenJDK 64-Bit Server VM Temurin-21.0.10+7 (21.0.10+7-LTS, mixed mode, sharing, tiered, compressed oops, compressed class ptrs, parallel gc, windows-amd64)
GC Precious Log:
 CardTable entry size: 512
 CPUs: 12 total, 12 available
 Memory: 16197M
 Large Page Support: Disabled
 NUMA Support: Disabled
 Compressed Oops: Enabled (32-bit)
 Alignments: Space 512K, Generation 512K, Heap 2M
 Heap Min Capacity: 100M
 Heap Initial Capacity: 100M
 Heap Max Capacity: 2G
 Pre-touch: Disabled
 Parallel Workers: 10
Heap:
 PSYoungGen      total 11264K, used 2943K [0x00000000d5580000, 0x00000000d6500000, 0x0000000100000000)
  eden space 10752K, 25% used [0x00000000d5580000,0x00000000d5827d20,0x00000000d6000000)
  from space 512K, 43% used [0x00000000d6480000,0x00000000d64b8000,0x00000000d6500000)
  to   space 512K, 0% used [0x00000000d6400000,0x00000000d6400000,0x00000000d6480000)
 ParOldGen       total 93696K, used 93571K [0x0000000080000000, 0x0000000085b80000, 0x00000000d5580000)
  object space 93696K, 99% used [0x0000000080000000,0x0000000085b60d00,0x0000000085b80000)
 Metaspace       used 70662K, committed 72192K, reserved 1114112K
  class space    used 8102K, committed 8704K, reserved 1048576K
GC Heap History (20 events):
Event: 140.813 GC heap before
{Heap before GC invocations=80 (full 3):
 PSYoungGen      total 11776K, used 11766K [0x00000000d5580000, 0x00000000d6880000, 0x0000000100000000)
  eden space 11264K, 100% used [0x00000000d5580000,0x00000000d6080000,0x00000000d6080000)
  from space 512K, 98% used [0x00000000d6380000,0x00000000d63fdb28,0x00000000d6400000)
  to   space 3072K, 0% used [0x00000000d6080000,0x00000000d6080000,0x00000000d6380000)
 ParOldGen       total 83456K, used 83000K [0x0000000080000000, 0x0000000085180000, 0x00000000d5580000)
  object space 83456K, 99% used [0x0000000080000000,0x000000008510e260,0x0000000085180000)
 Metaspace       used 67965K, committed 69504K, reserved 1114112K
  class space    used 7899K, committed 8512K, reserved 1048576K
}
Event: 140.814 GC heap after
{Heap after GC invocations=80 (full 3):
 PSYoungGen      total 12800K, used 1147K [0x00000000d5580000, 0x00000000d6480000, 0x0000000100000000)
  eden space 11264K, 0% used [0x00000000d5580000,0x00000000d5580000,0x00000000d6080000)
  from space 1536K, 74% used [0x00000000d6080000,0x00000000d619efc8,0x00000000d6200000)
  to   space 2048K, 0% used [0x00000000d6280000,0x00000000d6280000,0x00000000d6480000)
 ParOldGen       total 83968K, used 83518K [0x0000000080000000, 0x0000000085200000, 0x00000000d5580000)
  object space 83968K, 99% used [0x0000000080000000,0x000000008518f938,0x0000000085200000)
 Metaspace       used 67965K, committed 69504K, reserved 1114112K
  class space    used 7899K, committed 8512K, reserved 1048576K
}
Event: 140.847 GC heap before
{Heap before GC invocations=81 (full 3):
 PSYoungGen      total 12800K, used 12411K [0x00000000d5580000, 0x00000000d6480000, 0x0000000100000000)
  eden space 11264K, 100% used [0x00000000d5580000,0x00000000d6080000,0x00000000d6080000)
  from space 1536K, 74% used [0x00000000d6080000,0x00000000d619efc8,0x00000000d6200000)
  to   space 2048K, 0% used [0x00000000d6280000,0x00000000d6280000,0x00000000d6480000)
 ParOldGen       total 83968K, used 83518K [0x0000000080000000, 0x0000000085200000, 0x00000000d5580000)
  object space 83968K, 99% used [0x0000000080000000,0x000000008518f938,0x0000000085200000)
 Metaspace       used 67980K, committed 69504K, reserved 1114112K
  class space    used 7899K, committed 8512K, reserved 1048576K
}
Event: 140.848 GC heap after
{Heap after GC invocations=81 (full 3):
 PSYoungGen      total 12800K, used 1419K [0x00000000d5580000, 0x00000000d6400000, 0x0000000100000000)
  eden space 11264K, 0% used [0x00000000d5580000,0x00000000d5580000,0x00000000d6080000)
  from space 1536K, 92% used [0x00000000d6280000,0x00000000d63e2c70,0x00000000d6400000)
  to   space 1536K, 0% used [0x00000000d6080000,0x00000000d6080000,0x00000000d6200000)
 ParOldGen       total 83968K, used 83534K [0x0000000080000000, 0x0000000085200000, 0x00000000d5580000)
  object space 83968K, 99% used [0x0000000080000000,0x0000000085193938,0x0000000085200000)
 Metaspace       used 67980K, committed 69504K, reserved 1114112K
  class space    used 7899K, committed 8512K, reserved 1048576K
}
Event: 140.872 GC heap before
{Heap before GC invocations=82 (full 3):
 PSYoungGen      total 12800K, used 12555K [0x00000000d5580000, 0x00000000d6400000, 0x0000000100000000)
  eden space 11264K, 98% used [0x00000000d5580000,0x00000000d6060028,0x00000000d6080000)
  from space 1536K, 92% used [0x00000000d6280000,0x00000000d63e2c70,0x00000000d6400000)
  to   space 1536K, 0% used [0x00000000d6080000,0x00000000d6080000,0x00000000d6200000)
 ParOldGen       total 83968K, used 83534K [0x0000000080000000, 0x0000000085200000, 0x00000000d5580000)
  object space 83968K, 99% used [0x0000000080000000,0x0000000085193938,0x0000000085200000)
 Metaspace       used 67982K, committed 69504K, reserved 1114112K
  class space    used 7899K, committed 8512K, reserved 1048576K
}
Event: 140.873 GC heap after
{Heap after GC invocations=82 (full 3):
 PSYoungGen      total 12800K, used 951K [0x00000000d5580000, 0x00000000d6380000, 0x0000000100000000)
  eden space 11264K, 0% used [0x00000000d5580000,0x00000000d5580000,0x00000000d6080000)
  from space 1536K, 61% used [0x00000000d6080000,0x00000000d616ddf0,0x00000000d6200000)
  to   space 1536K, 0% used [0x00000000d6200000,0x00000000d6200000,0x00000000d6380000)
 ParOldGen       total 83968K, used 83582K [0x0000000080000000, 0x0000000085200000, 0x00000000d5580000)
  object space 83968K, 99% used [0x0000000080000000,0x000000008519f938,0x0000000085200000)
 Metaspace       used 67982K, committed 69504K, reserved 1114112K
  class space    used 7899K, committed 8512K, reserved 1048576K
}
Event: 141.104 GC heap before
{Heap before GC invocations=83 (full 3):
 PSYoungGen      total 12800K, used 12189K [0x00000000d5580000, 0x00000000d6380000, 0x0000000100000000)
  eden space 11264K, 99% used [0x00000000d5580000,0x00000000d6079660,0x00000000d6080000)
  from space 1536K, 61% used [0x00000000d6080000,0x00000000d616ddf0,0x00000000d6200000)
  to   space 1536K, 0% used [0x00000000d6200000,0x00000000d6200000,0x00000000d6380000)
 ParOldGen       total 83968K, used 83582K [0x0000000080000000, 0x0000000085200000, 0x00000000d5580000)
  object space 83968K, 99% used [0x0000000080000000,0x000000008519f938,0x0000000085200000)
 Metaspace       used 69438K, committed 70976K, reserved 1114112K
  class space    used 8026K, committed 8640K, reserved 1048576K
}
Event: 141.106 GC heap after
{Heap after GC invocations=83 (full 3):
 PSYoungGen      total 12288K, used 1518K [0x00000000d5580000, 0x00000000d6480000, 0x0000000100000000)
  eden space 10752K, 0% used [0x00000000d5580000,0x00000000d5580000,0x00000000d6000000)
  from space 1536K, 98% used [0x00000000d6200000,0x00000000d637b9b0,0x00000000d6380000)
  to   space 2048K, 0% used [0x00000000d6000000,0x00000000d6000000,0x00000000d6200000)
 ParOldGen       total 83968K, used 83749K [0x0000000080000000, 0x0000000085200000, 0x00000000d5580000)
  object space 83968K, 99% used [0x0000000080000000,0x00000000851c96d0,0x0000000085200000)
 Metaspace       used 69438K, committed 70976K, reserved 1114112K
  class space    used 8026K, committed 8640K, reserved 1048576K
}
Event: 141.412 GC heap before
{Heap before GC invocations=84 (full 3):
 PSYoungGen      total 12288K, used 12270K [0x00000000d5580000, 0x00000000d6480000, 0x0000000100000000)
  eden space 10752K, 100% used [0x00000000d5580000,0x00000000d6000000,0x00000000d6000000)
  from space 1536K, 98% used [0x00000000d6200000,0x00000000d637b9b0,0x00000000d6380000)
  to   space 2048K, 0% used [0x00000000d6000000,0x00000000d6000000,0x00000000d6200000)
 ParOldGen       total 83968K, used 83749K [0x0000000080000000, 0x0000000085200000, 0x00000000d5580000)
  object space 83968K, 99% used [0x0000000080000000,0x00000000851c96d0,0x0000000085200000)
 Metaspace       used 69723K, committed 71232K, reserved 1114112K
  class space    used 8053K, committed 8704K, reserved 1048576K
}
Event: 141.418 GC heap after
{Heap after GC invocations=84 (full 3):
 PSYoungGen      total 12800K, used 2044K [0x00000000d5580000, 0x00000000d6d00000, 0x0000000100000000)
  eden space 10752K, 0% used [0x00000000d5580000,0x00000000d5580000,0x00000000d6000000)
  from space 2048K, 99% used [0x00000000d6000000,0x00000000d61ff220,0x00000000d6200000)
  to   space 6656K, 0% used [0x00000000d6680000,0x00000000d6680000,0x00000000d6d00000)
 ParOldGen       total 87552K, used 87259K [0x0000000080000000, 0x0000000085580000, 0x00000000d5580000)
  object space 87552K, 99% used [0x0000000080000000,0x0000000085536dc0,0x0000000085580000)
 Metaspace       used 69723K, committed 71232K, reserved 1114112K
  class space    used 8053K, committed 8704K, reserved 1048576K
}
Event: 141.708 GC heap before
{Heap before GC invocations=85 (full 3):
 PSYoungGen      total 12800K, used 12796K [0x00000000d5580000, 0x00000000d6d00000, 0x0000000100000000)
  eden space 10752K, 100% used [0x00000000d5580000,0x00000000d6000000,0x00000000d6000000)
  from space 2048K, 99% used [0x00000000d6000000,0x00000000d61ff220,0x00000000d6200000)
  to   space 6656K, 0% used [0x00000000d6680000,0x00000000d6680000,0x00000000d6d00000)
 ParOldGen       total 87552K, used 87259K [0x0000000080000000, 0x0000000085580000, 0x00000000d5580000)
  object space 87552K, 99% used [0x0000000080000000,0x0000000085536dc0,0x0000000085580000)
 Metaspace       used 69934K, committed 71488K, reserved 1114112K
  class space    used 8064K, committed 8704K, reserved 1048576K
}
Event: 141.712 GC heap after
{Heap after GC invocations=85 (full 3):
 PSYoungGen      total 14336K, used 3099K [0x00000000d5580000, 0x00000000d6a00000, 0x0000000100000000)
  eden space 10752K, 0% used [0x00000000d5580000,0x00000000d5580000,0x00000000d6000000)
  from space 3584K, 86% used [0x00000000d6680000,0x00000000d6986f28,0x00000000d6a00000)
  to   space 4096K, 0% used [0x00000000d6200000,0x00000000d6200000,0x00000000d6600000)
 ParOldGen       total 89600K, used 89330K [0x0000000080000000, 0x0000000085780000, 0x00000000d5580000)
  object space 89600K, 99% used [0x0000000080000000,0x000000008573cb88,0x0000000085780000)
 Metaspace       used 69934K, committed 71488K, reserved 1114112K
  class space    used 8064K, committed 8704K, reserved 1048576K
}
Event: 141.880 GC heap before
{Heap before GC invocations=86 (full 3):
 PSYoungGen      total 14336K, used 13851K [0x00000000d5580000, 0x00000000d6a00000, 0x0000000100000000)
  eden space 10752K, 100% used [0x00000000d5580000,0x00000000d6000000,0x00000000d6000000)
  from space 3584K, 86% used [0x00000000d6680000,0x00000000d6986f28,0x00000000d6a00000)
  to   space 4096K, 0% used [0x00000000d6200000,0x00000000d6200000,0x00000000d6600000)
 ParOldGen       total 89600K, used 89330K [0x0000000080000000, 0x0000000085780000, 0x00000000d5580000)
  object space 89600K, 99% used [0x0000000080000000,0x000000008573cb88,0x0000000085780000)
 Metaspace       used 70005K, committed 71552K, reserved 1114112K
  class space    used 8064K, committed 8704K, reserved 1048576K
}
Event: 141.883 GC heap after
{Heap after GC invocations=86 (full 3):
 PSYoungGen      total 12288K, used 1232K [0x00000000d5580000, 0x00000000d6700000, 0x0000000100000000)
  eden space 10752K, 0% used [0x00000000d5580000,0x00000000d5580000,0x00000000d6000000)
  from space 1536K, 80% used [0x00000000d6200000,0x00000000d6334368,0x00000000d6380000)
  to   space 2560K, 0% used [0x00000000d6480000,0x00000000d6480000,0x00000000d6700000)
 ParOldGen       total 92672K, used 92262K [0x0000000080000000, 0x0000000085a80000, 0x00000000d5580000)
  object space 92672K, 99% used [0x0000000080000000,0x0000000085a19948,0x0000000085a80000)
 Metaspace       used 70005K, committed 71552K, reserved 1114112K
  class space    used 8064K, committed 8704K, reserved 1048576K
}
Event: 257.265 GC heap before
{Heap before GC invocations=87 (full 3):
 PSYoungGen      total 12288K, used 11984K [0x00000000d5580000, 0x00000000d6700000, 0x0000000100000000)
  eden space 10752K, 100% used [0x00000000d5580000,0x00000000d6000000,0x00000000d6000000)
  from space 1536K, 80% used [0x00000000d6200000,0x00000000d6334368,0x00000000d6380000)
  to   space 2560K, 0% used [0x00000000d6480000,0x00000000d6480000,0x00000000d6700000)
 ParOldGen       total 92672K, used 92262K [0x0000000080000000, 0x0000000085a80000, 0x00000000d5580000)
  object space 92672K, 99% used [0x0000000080000000,0x0000000085a19948,0x0000000085a80000)
 Metaspace       used 70225K, committed 71744K, reserved 1114112K
  class space    used 8070K, committed 8704K, reserved 1048576K
}
Event: 257.267 GC heap after
{Heap after GC invocations=87 (full 3):
 PSYoungGen      total 11264K, used 256K [0x00000000d5580000, 0x00000000d6500000, 0x0000000100000000)
  eden space 10752K, 0% used [0x00000000d5580000,0x00000000d5580000,0x00000000d6000000)
  from space 512K, 50% used [0x00000000d6480000,0x00000000d64c0000,0x00000000d6500000)
  to   space 1024K, 0% used [0x00000000d6300000,0x00000000d6300000,0x00000000d6400000)
 ParOldGen       total 93696K, used 93355K [0x0000000080000000, 0x0000000085b80000, 0x00000000d5580000)
  object space 93696K, 99% used [0x0000000080000000,0x0000000085b2ad00,0x0000000085b80000)
 Metaspace       used 70225K, committed 71744K, reserved 1114112K
  class space    used 8070K, committed 8704K, reserved 1048576K
}
Event: 410.414 GC heap before
{Heap before GC invocations=88 (full 3):
 PSYoungGen      total 11264K, used 11008K [0x00000000d5580000, 0x00000000d6500000, 0x0000000100000000)
  eden space 10752K, 100% used [0x00000000d5580000,0x00000000d6000000,0x00000000d6000000)
  from space 512K, 50% used [0x00000000d6480000,0x00000000d64c0000,0x00000000d6500000)
  to   space 1024K, 0% used [0x00000000d6300000,0x00000000d6300000,0x00000000d6400000)
 ParOldGen       total 93696K, used 93355K [0x0000000080000000, 0x0000000085b80000, 0x00000000d5580000)
  object space 93696K, 99% used [0x0000000080000000,0x0000000085b2ad00,0x0000000085b80000)
 Metaspace       used 70357K, committed 71936K, reserved 1114112K
  class space    used 8073K, committed 8704K, reserved 1048576K
}
Event: 410.415 GC heap after
{Heap after GC invocations=88 (full 3):
 PSYoungGen      total 11776K, used 320K [0x00000000d5580000, 0x00000000d6500000, 0x0000000100000000)
  eden space 10752K, 0% used [0x00000000d5580000,0x00000000d5580000,0x00000000d6000000)
  from space 1024K, 31% used [0x00000000d6300000,0x00000000d6350000,0x00000000d6400000)
  to   space 512K, 0% used [0x00000000d6480000,0x00000000d6480000,0x00000000d6500000)
 ParOldGen       total 93696K, used 93483K [0x0000000080000000, 0x0000000085b80000, 0x00000000d5580000)
  object space 93696K, 99% used [0x0000000080000000,0x0000000085b4ad00,0x0000000085b80000)
 Metaspace       used 70357K, committed 71936K, reserved 1114112K
  class space    used 8073K, committed 8704K, reserved 1048576K
}
Event: 658.533 GC heap before
{Heap before GC invocations=89 (full 3):
 PSYoungGen      total 11776K, used 11072K [0x00000000d5580000, 0x00000000d6500000, 0x0000000100000000)
  eden space 10752K, 100% used [0x00000000d5580000,0x00000000d6000000,0x00000000d6000000)
  from space 1024K, 31% used [0x00000000d6300000,0x00000000d6350000,0x00000000d6400000)
  to   space 512K, 0% used [0x00000000d6480000,0x00000000d6480000,0x00000000d6500000)
 ParOldGen       total 93696K, used 93483K [0x0000000080000000, 0x0000000085b80000, 0x00000000d5580000)
  object space 93696K, 99% used [0x0000000080000000,0x0000000085b4ad00,0x0000000085b80000)
 Metaspace       used 70625K, committed 72128K, reserved 1114112K
  class space    used 8101K, committed 8704K, reserved 1048576K
}
Event: 658.536 GC heap after
{Heap after GC invocations=89 (full 3):
 PSYoungGen      total 11264K, used 224K [0x00000000d5580000, 0x00000000d6500000, 0x0000000100000000)
  eden space 10752K, 0% used [0x00000000d5580000,0x00000000d5580000,0x00000000d6000000)
  from space 512K, 43% used [0x00000000d6480000,0x00000000d64b8000,0x00000000d6500000)
  to   space 512K, 0% used [0x00000000d6400000,0x00000000d6400000,0x00000000d6480000)
 ParOldGen       total 93696K, used 93571K [0x0000000080000000, 0x0000000085b80000, 0x00000000d5580000)
  object space 93696K, 99% used [0x0000000080000000,0x0000000085b60d00,0x0000000085b80000)
 Metaspace       used 70625K, committed 72128K, reserved 1114112K
  class space    used 8101K, committed 8704K, reserved 1048576K
}

