# JRE version: OpenJDK Runtime Environment Temurin-21.0.10+7 (21.0.10+7) (build 21.0.10+7-LTS)
# Java VM: OpenJDK 64-Bit Server VM Temurin-21.0.10+7 (21.0.10+7-LTS, mixed mode, sharing, tiered, compressed oops, compressed class ptrs, parallel gc, windows-amd64)
GC Precious Log:
 CardTable entry size: 512
 CPUs: 12 total, 12 available
 Memory: 16197M
 Large Page Support: Disabled
 NUMA Support: Disabled
 Compressed Oops: Enabled (32-bit)
 Alignments: Space 512K, Generation 512K, Heap 2M
 Heap Min Capacity: 100M
 Heap Initial Capacity: 100M
 Heap Max Capacity: 2G
 Pre-touch: Disabled
 Parallel Workers: 10
Heap:
 PSYoungGen      total 7680K, used 2159K [0x00000000d5580000, 0x00000000d6200000, 0x0000000100000000)
  eden space 7168K, 25% used [0x00000000d5580000,0x00000000d5743f50,0x00000000d5c80000)
  from space 512K, 68% used [0x00000000d6180000,0x00000000d61d8000,0x00000000d6200000)
  to   space 1024K, 0% used [0x00000000d6000000,0x00000000d6000000,0x00000000d6100000)
 ParOldGen       total 346624K, used 325133K [0x0000000080000000, 0x0000000095280000, 0x00000000d5580000)
  object space 346624K, 93% used [0x0000000080000000,0x0000000093d83420,0x0000000095280000)
 Metaspace       used 68524K, committed 70016K, reserved 1114112K
  class space    used 7694K, committed 8320K, reserved 1048576K
GC Heap History (20 events):
Event: 25.137 GC heap before
{Heap before GC invocations=1194 (full 4):
 PSYoungGen      total 6656K, used 5476K [0x00000000d5580000, 0x00000000d5e80000, 0x0000000100000000)
  eden space 4096K, 96% used [0x00000000d5580000,0x00000000d5961028,0x00000000d5980000)
  from space 2560K, 58% used [0x00000000d5980000,0x00000000d5af8000,0x00000000d5c00000)
  to   space 2048K, 0% used [0x00000000d5c80000,0x00000000d5c80000,0x00000000d5e80000)
 ParOldGen       total 507904K, used 507660K [0x0000000080000000, 0x000000009f000000, 0x00000000d5580000)
  object space 507904K, 99% used [0x0000000080000000,0x000000009efc3060,0x000000009f000000)
 Metaspace       used 67441K, committed 68800K, reserved 1114112K
  class space    used 7608K, committed 8192K, reserved 1048576K
}
Event: 25.138 GC heap after
{Heap after GC invocations=1194 (full 4):
 PSYoungGen      total 6656K, used 1504K [0x00000000d5580000, 0x00000000d5e00000, 0x0000000100000000)
  eden space 5120K, 0% used [0x00000000d5580000,0x00000000d5580000,0x00000000d5a80000)
  from space 1536K, 97% used [0x00000000d5c80000,0x00000000d5df8000,0x00000000d5e00000)
  to   space 1536K, 0% used [0x00000000d5b00000,0x00000000d5b00000,0x00000000d5c80000)
 ParOldGen       total 509440K, used 509036K [0x0000000080000000, 0x000000009f180000, 0x00000000d5580000)
  object space 509440K, 99% used [0x0000000080000000,0x000000009f11b060,0x000000009f180000)
 Metaspace       used 67441K, committed 68800K, reserved 1114112K
  class space    used 7608K, committed 8192K, reserved 1048576K
}
Event: 25.147 GC heap before
{Heap before GC invocations=1195 (full 4):
 PSYoungGen      total 6656K, used 6624K [0x00000000d5580000, 0x00000000d5e00000, 0x0000000100000000)
  eden space 5120K, 100% used [0x00000000d5580000,0x00000000d5a80000,0x00000000d5a80000)
  from space 1536K, 97% used [0x00000000d5c80000,0x00000000d5df8000,0x00000000d5e00000)
  to   space 1536K, 0% used [0x00000000d5b00000,0x00000000d5b00000,0x00000000d5c80000)
 ParOldGen       total 509440K, used 509036K [0x0000000080000000, 0x000000009f180000, 0x00000000d5580000)
  object space 509440K, 99% used [0x0000000080000000,0x000000009f11b060,0x000000009f180000)
 Metaspace       used 67443K, committed 68800K, reserved 1114112K
  class space    used 7608K, committed 8192K, reserved 1048576K
}
Event: 25.150 GC heap after
{Heap after GC invocations=1195 (full 4):
 PSYoungGen      total 7168K, used 1507K [0x00000000d5580000, 0x00000000d6a80000, 0x0000000100000000)
  eden space 5632K, 0% used [0x00000000d5580000,0x00000000d5580000,0x00000000d5b00000)
  from space 1536K, 98% used [0x00000000d5b00000,0x00000000d5c78c58,0x00000000d5c80000)
  to   space 7680K, 0% used [0x00000000d6300000,0x00000000d6300000,0x00000000d6a80000)
 ParOldGen       total 514048K, used 514012K [0x0000000080000000, 0x000000009f600000, 0x00000000d5580000)
  object space 514048K, 99% used [0x0000000080000000,0x000000009f5f7060,0x000000009f600000)
 Metaspace       used 67443K, committed 68800K, reserved 1114112K
  class space    used 7608K, committed 8192K, reserved 1048576K
}
Event: 25.159 GC heap before
{Heap before GC invocations=1196 (full 4):
 PSYoungGen      total 7168K, used 7139K [0x00000000d5580000, 0x00000000d6a80000, 0x0000000100000000)
  eden space 5632K, 100% used [0x00000000d5580000,0x00000000d5b00000,0x00000000d5b00000)
  from space 1536K, 98% used [0x00000000d5b00000,0x00000000d5c78c58,0x00000000d5c80000)
  to   space 7680K, 0% used [0x00000000d6300000,0x00000000d6300000,0x00000000d6a80000)
 ParOldGen       total 514048K, used 514012K [0x0000000080000000, 0x000000009f600000, 0x00000000d5580000)
  object space 514048K, 99% used [0x0000000080000000,0x000000009f5f7060,0x000000009f600000)
 Metaspace       used 67446K, committed 68864K, reserved 1114112K
  class space    used 7608K, committed 8192K, reserved 1048576K
}
Event: 25.161 GC heap after
{Heap after GC invocations=1196 (full 4):
 PSYoungGen      total 10752K, used 3383K [0x00000000d5580000, 0x00000000d6680000, 0x0000000100000000)
  eden space 7168K, 0% used [0x00000000d5580000,0x00000000d5580000,0x00000000d5c80000)
  from space 3584K, 94% used [0x00000000d6300000,0x00000000d664dd18,0x00000000d6680000)
  to   space 4608K, 0% used [0x00000000d5d80000,0x00000000d5d80000,0x00000000d6200000)
 ParOldGen       total 515584K, used 515431K [0x0000000080000000, 0x000000009f780000, 0x00000000d5580000)
  object space 515584K, 99% used [0x0000000080000000,0x000000009f759d80,0x000000009f780000)
 Metaspace       used 67446K, committed 68864K, reserved 1114112K
  class space    used 7608K, committed 8192K, reserved 1048576K
}
Event: 25.784 GC heap before
{Heap before GC invocations=1197 (full 4):
 PSYoungGen      total 10752K, used 10551K [0x00000000d5580000, 0x00000000d6680000, 0x0000000100000000)
  eden space 7168K, 100% used [0x00000000d5580000,0x00000000d5c80000,0x00000000d5c80000)
  from space 3584K, 94% used [0x00000000d6300000,0x00000000d664dd18,0x00000000d6680000)
  to   space 4608K, 0% used [0x00000000d5d80000,0x00000000d5d80000,0x00000000d6200000)
 ParOldGen       total 515584K, used 515431K [0x0000000080000000, 0x000000009f780000, 0x00000000d5580000)
  object space 515584K, 99% used [0x0000000080000000,0x000000009f759d80,0x000000009f780000)
 Metaspace       used 67550K, committed 68992K, reserved 1114112K
  class space    used 7620K, committed 8256K, reserved 1048576K
}
Event: 25.787 GC heap after
{Heap after GC invocations=1197 (full 4):
 PSYoungGen      total 10752K, used 10551K [0x00000000d5580000, 0x00000000d6680000, 0x0000000100000000)
  eden space 7168K, 100% used [0x00000000d5580000,0x00000000d5c80000,0x00000000d5c80000)
  from space 3584K, 94% used [0x00000000d6300000,0x00000000d664dd18,0x00000000d6680000)
  to   space 4608K, 78% used [0x00000000d5d80000,0x00000000d610a288,0x00000000d6200000)
 ParOldGen       total 518144K, used 517711K [0x0000000080000000, 0x000000009fa00000, 0x00000000d5580000)
  object space 518144K, 99% used [0x0000000080000000,0x000000009f993db8,0x000000009fa00000)
 Metaspace       used 67550K, committed 68992K, reserved 1114112K
  class space    used 7620K, committed 8256K, reserved 1048576K
}
Event: 25.787 GC heap before
{Heap before GC invocations=1198 (full 5):
 PSYoungGen      total 10752K, used 10551K [0x00000000d5580000, 0x00000000d6680000, 0x0000000100000000)
  eden space 7168K, 100% used [0x00000000d5580000,0x00000000d5c80000,0x00000000d5c80000)
  from space 3584K, 94% used [0x00000000d6300000,0x00000000d664dd18,0x00000000d6680000)
  to   space 4608K, 78% used [0x00000000d5d80000,0x00000000d610a288,0x00000000d6200000)
 ParOldGen       total 518144K, used 517711K [0x0000000080000000, 0x000000009fa00000, 0x00000000d5580000)
  object space 518144K, 99% used [0x0000000080000000,0x000000009f993db8,0x000000009fa00000)
 Metaspace       used 67550K, committed 68992K, reserved 1114112K
  class space    used 7620K, committed 8256K, reserved 1048576K
}
Event: 25.882 GC heap after
{Heap after GC invocations=1198 (full 5):
 PSYoungGen      total 7680K, used 0K [0x00000000d5580000, 0x00000000d6580000, 0x0000000100000000)
  eden space 7168K, 0% used [0x00000000d5580000,0x00000000d5580000,0x00000000d5c80000)
  from space 512K, 0% used [0x00000000d5d80000,0x00000000d5d80000,0x00000000d5e00000)
  to   space 4608K, 0% used [0x00000000d6100000,0x00000000d6100000,0x00000000d6580000)
 ParOldGen       total 346624K, used 316774K [0x0000000080000000, 0x0000000095280000, 0x00000000d5580000)
  object space 346624K, 91% used [0x0000000080000000,0x0000000093559ad8,0x0000000095280000)
 Metaspace       used 67550K, committed 68992K, reserved 1114112K
  class space    used 7620K, committed 8256K, reserved 1048576K
}
Event: 25.983 GC heap before
{Heap before GC invocations=1199 (full 5):
 PSYoungGen      total 7680K, used 7168K [0x00000000d5580000, 0x00000000d6580000, 0x0000000100000000)
  eden space 7168K, 100% used [0x00000000d5580000,0x00000000d5c80000,0x00000000d5c80000)
  from space 512K, 0% used [0x00000000d5d80000,0x00000000d5d80000,0x00000000d5e00000)
  to   space 4608K, 0% used [0x00000000d6100000,0x00000000d6100000,0x00000000d6580000)
 ParOldGen       total 346624K, used 316774K [0x0000000080000000, 0x0000000095280000, 0x00000000d5580000)
  object space 346624K, 91% used [0x0000000080000000,0x0000000093559ad8,0x0000000095280000)
 Metaspace       used 68067K, committed 69504K, reserved 1114112K
  class space    used 7667K, committed 8256K, reserved 1048576K
}
Event: 25.985 GC heap after
{Heap after GC invocations=1199 (full 5):
 PSYoungGen      total 9216K, used 1966K [0x00000000d5580000, 0x00000000d6300000, 0x0000000100000000)
  eden space 7168K, 0% used [0x00000000d5580000,0x00000000d5580000,0x00000000d5c80000)
  from space 2048K, 96% used [0x00000000d6100000,0x00000000d62eb990,0x00000000d6300000)
  to   space 3072K, 0% used [0x00000000d5d00000,0x00000000d5d00000,0x00000000d6000000)
 ParOldGen       total 346624K, used 316782K [0x0000000080000000, 0x0000000095280000, 0x00000000d5580000)
  object space 346624K, 91% used [0x0000000080000000,0x000000009355bad8,0x0000000095280000)
 Metaspace       used 68067K, committed 69504K, reserved 1114112K
  class space    used 7667K, committed 8256K, reserved 1048576K
}
Event: 26.015 GC heap before
{Heap before GC invocations=1200 (full 5):
 PSYoungGen      total 9216K, used 9134K [0x00000000d5580000, 0x00000000d6300000, 0x0000000100000000)
  eden space 7168K, 100% used [0x00000000d5580000,0x00000000d5c80000,0x00000000d5c80000)
  from space 2048K, 96% used [0x00000000d6100000,0x00000000d62eb990,0x00000000d6300000)
  to   space 3072K, 0% used [0x00000000d5d00000,0x00000000d5d00000,0x00000000d6000000)
 ParOldGen       total 346624K, used 316782K [0x0000000080000000, 0x0000000095280000, 0x00000000d5580000)
  object space 346624K, 91% used [0x0000000080000000,0x000000009355bad8,0x0000000095280000)
 Metaspace       used 68261K, committed 69760K, reserved 1114112K
  class space    used 7688K, committed 8320K, reserved 1048576K
}
Event: 26.017 GC heap after
{Heap after GC invocations=1200 (full 5):
 PSYoungGen      total 10240K, used 3049K [0x00000000d5580000, 0x00000000d6880000, 0x0000000100000000)
  eden space 7168K, 0% used [0x00000000d5580000,0x00000000d5580000,0x00000000d5c80000)
  from space 3072K, 99% used [0x00000000d5d00000,0x00000000d5ffa560,0x00000000d6000000)
  to   space 6144K, 0% used [0x00000000d6280000,0x00000000d6280000,0x00000000d6880000)
 ParOldGen       total 346624K, used 319169K [0x0000000080000000, 0x0000000095280000, 0x00000000d5580000)
  object space 346624K, 92% used [0x0000000080000000,0x00000000937b0680,0x0000000095280000)
 Metaspace       used 68261K, committed 69760K, reserved 1114112K
  class space    used 7688K, committed 8320K, reserved 1048576K
}
Event: 26.062 GC heap before
{Heap before GC invocations=1201 (full 5):
 PSYoungGen      total 10240K, used 10217K [0x00000000d5580000, 0x00000000d6880000, 0x0000000100000000)
  eden space 7168K, 100% used [0x00000000d5580000,0x00000000d5c80000,0x00000000d5c80000)
  from space 3072K, 99% used [0x00000000d5d00000,0x00000000d5ffa560,0x00000000d6000000)
  to   space 6144K, 0% used [0x00000000d6280000,0x00000000d6280000,0x00000000d6880000)
 ParOldGen       total 346624K, used 319169K [0x0000000080000000, 0x0000000095280000, 0x00000000d5580000)
  object space 346624K, 92% used [0x0000000080000000,0x00000000937b0680,0x0000000095280000)
 Metaspace       used 68351K, committed 69824K, reserved 1114112K
  class space    used 7694K, committed 8320K, reserved 1048576K
}
Event: 26.066 GC heap after
{Heap after GC invocations=1201 (full 5):
 PSYoungGen      total 10240K, used 2880K [0x00000000d5580000, 0x00000000d6580000, 0x0000000100000000)
  eden space 7168K, 0% used [0x00000000d5580000,0x00000000d5580000,0x00000000d5c80000)
  from space 3072K, 93% used [0x00000000d6280000,0x00000000d6550040,0x00000000d6580000)
  to   space 4096K, 0% used [0x00000000d5d80000,0x00000000d5d80000,0x00000000d6180000)
 ParOldGen       total 346624K, used 322264K [0x0000000080000000, 0x0000000095280000, 0x00000000d5580000)
  object space 346624K, 92% used [0x0000000080000000,0x0000000093ab6060,0x0000000095280000)
 Metaspace       used 68351K, committed 69824K, reserved 1114112K
  class space    used 7694K, committed 8320K, reserved 1048576K
}
Event: 26.115 GC heap before
{Heap before GC invocations=1202 (full 5):
 PSYoungGen      total 10240K, used 10048K [0x00000000d5580000, 0x00000000d6580000, 0x0000000100000000)
  eden space 7168K, 100% used [0x00000000d5580000,0x00000000d5c80000,0x00000000d5c80000)
  from space 3072K, 93% used [0x00000000d6280000,0x00000000d6550040,0x00000000d6580000)
  to   space 4096K, 0% used [0x00000000d5d80000,0x00000000d5d80000,0x00000000d6180000)
 ParOldGen       total 346624K, used 322264K [0x0000000080000000, 0x0000000095280000, 0x00000000d5580000)
  object space 346624K, 92% used [0x0000000080000000,0x0000000093ab6060,0x0000000095280000)
 Metaspace       used 68415K, committed 69888K, reserved 1114112K
  class space    used 7694K, committed 8320K, reserved 1048576K
}
Event: 26.117 GC heap after
{Heap after GC invocations=1202 (full 5):
 PSYoungGen      total 11264K, used 480K [0x00000000d5580000, 0x00000000d6300000, 0x0000000100000000)
  eden space 7168K, 0% used [0x00000000d5580000,0x00000000d5580000,0x00000000d5c80000)
  from space 4096K, 11% used [0x00000000d5d80000,0x00000000d5df8000,0x00000000d6180000)
  to   space 1536K, 0% used [0x00000000d6180000,0x00000000d6180000,0x00000000d6300000)
 ParOldGen       total 346624K, used 324805K [0x0000000080000000, 0x0000000095280000, 0x00000000d5580000)
  object space 346624K, 93% used [0x0000000080000000,0x0000000093d315e0,0x0000000095280000)
 Metaspace       used 68415K, committed 69888K, reserved 1114112K
  class space    used 7694K, committed 8320K, reserved 1048576K
}
Event: 26.223 GC heap before
{Heap before GC invocations=1203 (full 5):
 PSYoungGen      total 11264K, used 7648K [0x00000000d5580000, 0x00000000d6300000, 0x0000000100000000)
  eden space 7168K, 100% used [0x00000000d5580000,0x00000000d5c80000,0x00000000d5c80000)
  from space 4096K, 11% used [0x00000000d5d80000,0x00000000d5df8000,0x00000000d6180000)
  to   space 1536K, 0% used [0x00000000d6180000,0x00000000d6180000,0x00000000d6300000)
 ParOldGen       total 346624K, used 324805K [0x0000000080000000, 0x0000000095280000, 0x00000000d5580000)
  object space 346624K, 93% used [0x0000000080000000,0x0000000093d315e0,0x0000000095280000)
 Metaspace       used 68491K, committed 69952K, reserved 1114112K
  class space    used 7694K, committed 8320K, reserved 1048576K
}
Event: 26.225 GC heap after
{Heap after GC invocations=1203 (full 5):
 PSYoungGen      total 7680K, used 352K [0x00000000d5580000, 0x00000000d6200000, 0x0000000100000000)
  eden space 7168K, 0% used [0x00000000d5580000,0x00000000d5580000,0x00000000d5c80000)
  from space 512K, 68% used [0x00000000d6180000,0x00000000d61d8000,0x00000000d6200000)
  to   space 1024K, 0% used [0x00000000d6000000,0x00000000d6000000,0x00000000d6100000)
 ParOldGen       total 346624K, used 325133K [0x0000000080000000, 0x0000000095280000, 0x00000000d5580000)
  object space 346624K, 93% used [0x0000000080000000,0x0000000093d83420,0x0000000095280000)
 Metaspace       used 68491K, committed 69952K, reserved 1114112K
  class space    used 7694K, committed 8320K, reserved 1048576K
}

